Using pre-set license
Built from '2020.3/release' branch; Version is '2020.3.12f1 (b3b2c6512326) revision 11776710'; Using compiler version '192528614'; Build Type 'Release'
OS: 'Windows 10 Pro; OS build 19042.1288; Version 2009; 64bit' Language: 'ru' Physical Memory: 3682 MB
BatchMode: 1, IsHumanControllingUs: 0, StartBugReporterOnCrash: 0, Is64bit: 1, IsPro: 0

 COMMAND LINE ARGUMENTS:
C:\Program Files\Unity\Hub\Editor\2020.3.12f1\Editor\Unity.exe
-adb2
-batchMode
-noUpm
-name
AssetImportWorker198
-projectPath
C:/UnityProjects/Pocket Dictator
-logFile
Logs/AssetImportWorker198.log
-srvPort
52435
Successfully changed project path to: C:/UnityProjects/Pocket Dictator
C:/UnityProjects/Pocket Dictator
Using Asset Import Pipeline V2.
Assertion failed on expression: 'm_ErrorCode == MDB_MAP_RESIZED || !HasAbortingErrors()'

Asset database transaction committed twice!

Assertion failed on expression: 'errors == MDB_SUCCESS || errors == MDB_NOTFOUND'

Assertion failed on expression: 'm_ErrorCode == MDB_MAP_RESIZED || !HasAbortingErrors()'
0x00007ff797d8c36c (Unity) StackWalker::GetCurrentCallstack
0x00007ff797d94749 (Unity) StackWalker::ShowCallstack
0x00007ff79927d27c (Unity) GetStacktrace
0x00007ff79a37f9b3 (Unity) DebugStringToFile
0x00007ff79a37f6b2 (Unity) AssertImplementation
0x00007ff79945fee7 (Unity) LMDB_Transaction::Open
0x00007ff7993c412c (Unity) ArtifactDBTxnBase::ArtifactDBTxnBase
0x00007ff7993c40a0 (Unity) ArtifactDBReadTxn::ArtifactDBReadTxn
0x00007ff7994065a0 (Unity) InitializeAssetDatabaseV2
0x00007ff79935cb15 (Unity) AssetDatabase::InitializeAssetDatabase
0x00007ff798903bf0 (Unity) Application::InitializeProject
0x00007ff79928a7e2 (Unity) WinMain
0x00007ff79b0dae86 (Unity) __scrt_common_main_seh
0x00007ffab0307034 (KERNEL32) BaseThreadInitThunk
0x00007ffab0a62651 (ntdll) RtlUserThreadStart

Asset database transaction committed twice!
0x00007ff797d8c36c (Unity) StackWalker::GetCurrentCallstack
0x00007ff797d94749 (Unity) StackWalker::ShowCallstack
0x00007ff79927d27c (Unity) GetStacktrace
0x00007ff79a37f9b3 (Unity) DebugStringToFile
0x00007ff79a37f6b2 (Unity) AssertImplementation
0x00007ff7994570eb (Unity) LMDB_Transaction::Commit
0x00007ff7993c4b66 (Unity) ArtifactDBReadTxn::~ArtifactDBReadTxn
0x00007ff7994065ba (Unity) InitializeAssetDatabaseV2
0x00007ff79935cb15 (Unity) AssetDatabase::InitializeAssetDatabase
0x00007ff798903bf0 (Unity) Application::InitializeProject
0x00007ff79928a7e2 (Unity) WinMain
0x00007ff79b0dae86 (Unity) __scrt_common_main_seh
0x00007ffab0307034 (KERNEL32) BaseThreadInitThunk
0x00007ffab0a62651 (ntdll) RtlUserThreadStart

Assertion failed on expression: 'errors == MDB_SUCCESS || errors == MDB_NOTFOUND'
0x00007ff797d8c36c (Unity) StackWalker::GetCurrentCallstack
0x00007ff797d94749 (Unity) StackWalker::ShowCallstack
0x00007ff79927d27c (Unity) GetStacktrace
0x00007ff79a37f9b3 (Unity) DebugStringToFile
0x00007ff79a37f6b2 (Unity) AssertImplementation
0x00007ff7993c4bad (Unity) ArtifactDBReadTxn::~ArtifactDBReadTxn
0x00007ff7994065ba (Unity) InitializeAssetDatabaseV2
0x00007ff79935cb15 (Unity) AssetDatabase::InitializeAssetDatabase
0x00007ff798903bf0 (Unity) Application::InitializeProject
0x00007ff79928a7e2 (Unity) WinMain
0x00007ff79b0dae86 (Unity) __scrt_common_main_seh
0x00007ffab0307034 (KERNEL32) BaseThreadInitThunk
0x00007ffab0a62651 (ntdll) RtlUserThreadStart

Assertion failed on expression: 'm_ErrorCode == MDB_MAP_RESIZED || !HasAbortingErrors()'
0x00007ff797d8c36c (Unity) StackWalker::GetCurrentCallstack
0x00007ff797d94749 (Unity) StackWalker::ShowCallstack
0x00007ff79927d27c (Unity) GetStacktrace
0x00007ff79a37f9b3 (Unity) DebugStringToFile
0x00007ff79a37f6b2 (Unity) AssertImplementation
0x00007ff79945fee7 (Unity) LMDB_Transaction::Open
0x00007ff799451c2c (Unity) SourceAssetDBTxnBase::SourceAssetDBTxnBase
0x00007ff799451ba0 (Unity) SourceAssetDBReadTxn::SourceAssetDBReadTxn
0x00007ff7993f4c71 (Unity) FindAssetsWithImporterTypeV2
0x00007ff7993f49f2 (Unity) FindAssetImportersV2
0x00007ff79894caba (Unity) PluginManager::RefreshPlugins
0x00007ff7989044dd (Unity) Application::InitializeProject
0x00007ff79928a7e2 (Unity) WinMain
0x00007ff79b0dae86 (Unity) __scrt_common_main_seh
0x00007ffab0307034 (KERNEL32) BaseThreadInitThunk
0x00007ffab0a62651 (ntdll) RtlUserThreadStart

Asset database transaction committed twice!
0x00007ff797d8c36c (Unity) StackWalker::GetCurrentCallstack
0x00007ff797d94749 (Unity) StackWalker::ShowCallstack
0x00007ff79927d27c (Unity) GetStacktrace
0x00007ff79a37f9b3 (Unity) DebugStringToFile
0x00007ff79a37f6b2 (Unity) AssertImplementation
0x00007ff7994570eb (Unity) LMDB_Transaction::Commit
0x00007ff799452032 (Unity) SourceAssetDBReadTxn::~SourceAssetDBReadTxn
0x00007ff7993f4f6b (Unity) FindAssetsWithImporterTypeV2
0x00007ff7993f49f2 (Unity) FindAssetImportersV2
0x00007ff79894caba (Unity) PluginManager::RefreshPlugins
0x00007ff7989044dd (Unity) Application::InitializeProject
0x00007ff79928a7e2 (Unity) WinMain
0x00007ff79b0dae86 (Unity) __scrt_common_main_seh
0x00007ffab0307034 (KERNEL32) BaseThreadInitThunk
0x00007ffab0a62651 (ntdll) RtlUserThreadStart

Assertion failed on expression: 'errors == MDB_SUCCESS || errors == MDB_NOTFOUND'
0x00007ff797d8c36c (Unity) StackWalker::GetCurrentCallstack
0x00007ff797d94749 (Unity) StackWalker::ShowCallstack
0x00007ff79927d27c (Unity) GetStacktrace
0x00007ff79a37f9b3 (Unity) DebugStringToFile
0x00007ff79a37f6b2 (Unity) AssertImplementation
0x00007ff799452073 (Unity) SourceAssetDBReadTxn::~SourceAssetDBReadTxn
0x00007ff7993f4f6b (Unity) FindAssetsWithImporterTypeV2
0x00007ff7993f49f2 (Unity) FindAssetImportersV2
0x00007ff79894caba (Unity) PluginManager::RefreshPlugins
0x00007ff7989044dd (Unity) Application::InitializeProject
0x00007ff79928a7e2 (Unity) WinMain
0x00007ff79b0dae86 (Unity) __scrt_common_main_seh
0x00007ffab0307034 (KERNEL32) BaseThreadInitThunk
0x00007ffab0a62651 (ntdll) RtlUserThreadStart

Refreshing native plugins compatible for Editor in 798.33 ms, found 0 plugins.
Preloading 0 native plugins for Editor in 0.00 ms.
Initialize engine version: 2020.3.12f1 (b3b2c6512326)
[Subsystems] Discovering subsystems at path C:/Program Files/Unity/Hub/Editor/2020.3.12f1/Editor/Data/Resources/UnitySubsystems
[Subsystems] Discovering subsystems at path C:/UnityProjects/Pocket Dictator/Assets
GfxDevice: creating device client; threaded=0
Direct3D:
    Version:  Direct3D 11.0 [level 11.0]
    Renderer: AMD Radeon HD 7340 Graphics (ID=0x9808)
    Vendor:   
    VRAM:     373 MB
    Driver:   15.201.1151.0
