Using pre-set license
Built from '2020.3/release' branch; Version is '2020.3.12f1 (b3b2c6512326) revision 11776710'; Using compiler version '192528614'; Build Type 'Release'
OS: 'Windows 10 Pro; OS build 19042.1288; Version 2009; 64bit' Language: 'ru' Physical Memory: 3682 MB
BatchMode: 1, IsHumanControllingUs: 0, StartBugReporterOnCrash: 0, Is64bit: 1, IsPro: 0

 COMMAND LINE ARGUMENTS:
C:\Program Files\Unity\Hub\Editor\2020.3.12f1\Editor\Unity.exe
-adb2
-batchMode
-noUpm
-name
AssetImportWorker26
-projectPath
C:/UnityProjects/Pocket Dictator
-logFile
Logs/AssetImportWorker26.log
-srvPort
63533
Successfully changed project path to: C:/UnityProjects/Pocket Dictator
C:/UnityProjects/Pocket Dictator
Using Asset Import Pipeline V2.
Refreshing native plugins compatible for Editor in 388.35 ms, found 3 plugins.
Preloading 0 native plugins for Editor in 0.00 ms.
Initialize engine version: 2020.3.12f1 (b3b2c6512326)
[Subsystems] Discovering subsystems at path C:/Program Files/Unity/Hub/Editor/2020.3.12f1/Editor/Data/Resources/UnitySubsystems
[Subsystems] Discovering subsystems at path C:/UnityProjects/Pocket Dictator/Assets
GfxDevice: creating device client; threaded=0
Direct3D:
    Version:  Direct3D 11.0 [level 11.0]
    Renderer: AMD Radeon HD 7340 Graphics (ID=0x9808)
    Vendor:   
    VRAM:     373 MB
    Driver:   15.201.1151.0
Initialize mono
Mono path[0] = 'C:/Program Files/Unity/Hub/Editor/2020.3.12f1/Editor/Data/Managed'
Mono path[1] = 'C:/Program Files/Unity/Hub/Editor/2020.3.12f1/Editor/Data/MonoBleedingEdge/lib/mono/unityjit'
Mono config path = 'C:/Program Files/Unity/Hub/Editor/2020.3.12f1/Editor/Data/MonoBleedingEdge/etc'
Using monoOptions --debugger-agent=transport=dt_socket,embedding=1,server=y,suspend=n,address=127.0.0.1:56924
Begin MonoManager ReloadAssembly
Registering precompiled unity dll's ...
Register platform support module: C:/Program Files/Unity/Hub/Editor/2020.3.12f1/Editor/Data/PlaybackEngines/WebGLSupport/UnityEditor.WebGL.Extensions.dll
Register platform support module: C:/Program Files/Unity/Hub/Editor/2020.3.12f1/Editor/Data/PlaybackEngines/WindowsStandaloneSupport/UnityEditor.WindowsStandalone.Extensions.dll
Registered in 0.012882 seconds.
Native extension for WindowsStandalone target not found
Native extension for WebGL target not found
Refreshing native plugins compatible for Editor in 281.87 ms, found 3 plugins.
Preloading 0 native plugins for Editor in 0.00 ms.
Mono: successfully reloaded assembly
- Completed reload, in 12.503 seconds
Platform modules already initialized, skipping
Registering precompiled user dll's ...
Registered in 0.028418 seconds.
Begin MonoManager ReloadAssembly
Native extension for WindowsStandalone target not found
Native extension for WebGL target not found
Refreshing native plugins compatible for Editor in 281.75 ms, found 3 plugins.
Preloading 0 native plugins for Editor in 0.00 ms.
Mono: successfully reloaded assembly
- Completed reload, in  7.280 seconds
Platform modules already initialized, skipping
========================================================================
Worker process is ready to serve import requests
Launched and connected shader compiler UnityShaderCompiler.exe after 0.28 seconds
Refreshing native plugins compatible for Editor in 3.39 ms, found 3 plugins.
Preloading 0 native plugins for Editor in 0.00 ms.
Unloading 2492 Unused Serialized files (Serialized files now loaded: 0)
System memory in use before: 125.3 MB.
System memory in use after: 125.5 MB.

Unloading 42 unused Assets to reduce memory usage. Loaded Objects now: 2941.
Total: 13.016800 ms (FindLiveObjects: 1.465300 ms CreateObjectMapping: 0.685300 ms MarkObjects: 10.627800 ms  DeleteObjects: 0.231500 ms)

AssetImportParameters requested are different than current active one (requested -> active):
  custom:framework-win-MediaFoundation: 216162199b28c13a410421893ffa2e32 -> 
  custom:video-decoder-ogg-theora: a1e56fd34408186e4bbccfd4996cb3dc -> 
  custom:container-muxer-webm: aa71ff27fc2769a1b78a27578f13a17b -> 
  custom:container-demuxer-webm: 4f35f7cbe854078d1ac9338744f61a02 -> 
  custom:container-demuxer-ogg: 62fdf1f143b41e24485cea50d1cbac27 -> 
  custom:video-encoder-webm-vp8: eb34c28f22e8b96e1ab97ce403110664 -> 
  custom:video-decoder-webm-vp8: 9c59270c3fd7afecdb556c50c9e8de78 -> 
  custom:audio-decoder-ogg-vorbis: bf7c407c2cedff20999df2af8eb42d56 -> 
  custom:audio-encoder-webm-vorbis: bf7c407c2cedff20999df2af8eb42d56 -> 
========================================================================
Received Import Request.
  path: Assets/Sprites/Paint.png
  artifactKey: Guid(c986e5a00daa11c4e9a4f7f8c96f0297) Importer(815301076,1909f56bfc062723c751e8b465ee728b)
Start importing Assets/Sprites/Paint.png using Guid(c986e5a00daa11c4e9a4f7f8c96f0297) Importer(815301076,1909f56bfc062723c751e8b465ee728b)  -> (artifact id: '5e933db2d6c4802f08f6a1ff83ccf58d') in 2.270215 seconds 
  Import took 2.344336 seconds .

========================================================================
Received Import Request.
  Time since last request: 0.001109 seconds.
  path: Assets/Sprites/LOGO transparent.png
  artifactKey: Guid(b2fbab2aa699f2d4fad3a95f56ffb5da) Importer(815301076,1909f56bfc062723c751e8b465ee728b)
Start importing Assets/Sprites/LOGO transparent.png using Guid(b2fbab2aa699f2d4fad3a95f56ffb5da) Importer(815301076,1909f56bfc062723c751e8b465ee728b)  -> (artifact id: '3b6adfe4d7f91e4db19752db756e192b') in 1.271441 seconds 
  Import took 1.430252 seconds .

========================================================================
Received Import Request.
  Time since last request: 0.001031 seconds.
  path: Assets/Sprites/background bricks.png
  artifactKey: Guid(1ad105f26c59dd64b970ac12ca0800d2) Importer(815301076,1909f56bfc062723c751e8b465ee728b)
Start importing Assets/Sprites/background bricks.png using Guid(1ad105f26c59dd64b970ac12ca0800d2) Importer(815301076,1909f56bfc062723c751e8b465ee728b)  -> (artifact id: '849323cbaa3aa8e8c87c9a832a3a2bae') in 0.643388 seconds 
  Import took 0.692561 seconds .

========================================================================
Received Import Request.
  Time since last request: 0.000998 seconds.
  path: Assets/Sprites/icon_512.png
  artifactKey: Guid(cbc3441b0435cd6488084c6daf814ed5) Importer(815301076,1909f56bfc062723c751e8b465ee728b)
Start importing Assets/Sprites/icon_512.png using Guid(cbc3441b0435cd6488084c6daf814ed5) Importer(815301076,1909f56bfc062723c751e8b465ee728b)  -> (artifact id: 'd5981efc33699622de5fe7e8755b59cd') in 0.375065 seconds 
  Import took 0.409831 seconds .

========================================================================
Received Import Request.
  Time since last request: 1485.402568 seconds.
  path: Assets/Sprites/DemoText.png
  artifactKey: Guid(6bfd6180564f76448ada898ad32d1fdc) Importer(815301076,1909f56bfc062723c751e8b465ee728b)
Start importing Assets/Sprites/DemoText.png using Guid(6bfd6180564f76448ada898ad32d1fdc) Importer(815301076,1909f56bfc062723c751e8b465ee728b)  -> (artifact id: '48ebed704652ab5eb8f14e5ccbb044ac') in 0.468925 seconds 
  Import took 0.516293 seconds .

========================================================================
Received Import Request.
  Time since last request: 352.836170 seconds.
  path: Assets/Sprites/DemoText.png
  artifactKey: Guid(6bfd6180564f76448ada898ad32d1fdc) Importer(815301076,1909f56bfc062723c751e8b465ee728b)
Start importing Assets/Sprites/DemoText.png using Guid(6bfd6180564f76448ada898ad32d1fdc) Importer(815301076,1909f56bfc062723c751e8b465ee728b)  -> (artifact id: '4a6df8a277554b3af97b78c9b9b287f2') in 0.238094 seconds 
  Import took 0.331172 seconds .

========================================================================
Received Import Request.
  Time since last request: 261.412724 seconds.
  path: Assets/Sprites/DemoText.png
  artifactKey: Guid(6bfd6180564f76448ada898ad32d1fdc) Importer(815301076,1909f56bfc062723c751e8b465ee728b)
Start importing Assets/Sprites/DemoText.png using Guid(6bfd6180564f76448ada898ad32d1fdc) Importer(815301076,1909f56bfc062723c751e8b465ee728b)  -> (artifact id: '957014c3afec79088c2f7a77627725b8') in 0.189580 seconds 
  Import took 0.288609 seconds .

========================================================================
Received Prepare
Refreshing native plugins compatible for Editor in 1119.63 ms, found 3 plugins.
Preloading 0 native plugins for Editor in 0.00 ms.
Unloading 28 Unused Serialized files (Serialized files now loaded: 0)
System memory in use before: 75.9 MB.
System memory in use after: 76.1 MB.

Unloading 28 unused Assets to reduce memory usage. Loaded Objects now: 2951.
Total: 95.438700 ms (FindLiveObjects: 3.660900 ms CreateObjectMapping: 1.095900 ms MarkObjects: 80.168300 ms  DeleteObjects: 10.506400 ms)

AssetImportParameters requested are different than current active one (requested -> active):
  custom:framework-win-MediaFoundation: 216162199b28c13a410421893ffa2e32 -> 
  custom:video-decoder-ogg-theora: a1e56fd34408186e4bbccfd4996cb3dc -> 
  custom:container-muxer-webm: aa71ff27fc2769a1b78a27578f13a17b -> 
  custom:container-demuxer-webm: 4f35f7cbe854078d1ac9338744f61a02 -> 
  custom:container-demuxer-ogg: 62fdf1f143b41e24485cea50d1cbac27 -> 
  custom:video-encoder-webm-vp8: eb34c28f22e8b96e1ab97ce403110664 -> 
  custom:video-decoder-webm-vp8: 9c59270c3fd7afecdb556c50c9e8de78 -> 
  custom:audio-decoder-ogg-vorbis: bf7c407c2cedff20999df2af8eb42d56 -> 
  custom:audio-encoder-webm-vorbis: bf7c407c2cedff20999df2af8eb42d56 -> 
